2018-03-26T02:07:08.187Z - normal: Load ~/.CocosCreator/settings.json
2018-03-26T02:07:08.192Z - normal: checking language setting...
2018-03-26T02:07:08.192Z - normal: Language: zh
2018-03-26T02:07:11.070Z - success: protocol editor-framework registered
2018-03-26T02:07:11.070Z - success: protocol app registered
2018-03-26T02:07:11.070Z - success: protocol theme registered
2018-03-26T02:07:11.070Z - success: protocol packages registered
2018-03-26T02:07:11.070Z - success: protocol unpack registerred
2018-03-26T02:07:11.071Z - success: protocol disable-commonjs registerred
2018-03-26T02:07:11.542Z - normal: failed to connect login server... skipping login
2018-03-26T02:07:11.544Z - error: { Error: read ECONNRESET
    at exports._errnoException (util.js:1050:11)
    at TLSWrap.onread (net.js:581:26) code: 'ECONNRESET', errno: 'ECONNRESET', syscall: 'read' }
    at D:\CocosCreator\resources\app.asar\share\login\lib\user.js:1:1441
    at ClientRequest.Https.request.on.e (D:\CocosCreator\resources\app.asar\share\login\lib\network.js:1:873)
    at emitOne (events.js:96:13)
    at ClientRequest.emit (events.js:191:7)
    at TLSSocket.socketErrorListener (_http_client.js:358:9)
    at emitOne (events.js:96:13)
    at TLSSocket.emit (events.js:191:7)
    at emitErrorNT (net.js:1283:8)
    at _combinedTickCallback (internal/process/next_tick.js:80:11)
2018-03-26T02:07:11.547Z - normal: Check project D:\myprojects\cocos-creater\TestProject1
2018-03-26T02:07:11.549Z - normal: Initializing Cocos2d
2018-03-26T02:07:12.162Z - normal: Initializing Asset Database
2018-03-26T02:07:12.214Z - success: protocol uuid registerred
2018-03-26T02:07:12.214Z - success: protocol db registerred
2018-03-26T02:07:12.214Z - success: protocol thumbnail registerred
2018-03-26T02:07:12.214Z - normal: Loading editor/builtin packages
2018-03-26T02:07:12.262Z - success: anysdk loaded
2018-03-26T02:07:12.444Z - success: assets loaded
2018-03-26T02:07:12.447Z - success: builder loaded
2018-03-26T02:07:12.451Z - success: cocos-analytics loaded
2018-03-26T02:07:12.454Z - success: console loaded
2018-03-26T02:07:12.458Z - success: hierarchy loaded
2018-03-26T02:07:12.460Z - success: inspector loaded
2018-03-26T02:07:12.465Z - success: keystore loaded
2018-03-26T02:07:12.469Z - success: node-library loaded
2018-03-26T02:07:12.470Z - success: package-asset loaded
2018-03-26T02:07:12.472Z - success: preferences loaded
2018-03-26T02:07:12.473Z - success: project-exporter loaded
2018-03-26T02:07:12.491Z - success: project-importer loaded
2018-03-26T02:07:12.493Z - success: project-settings loaded
2018-03-26T02:07:12.494Z - success: ui-kit loaded
2018-03-26T02:07:12.505Z - success: ui-grid loaded
2018-03-26T02:07:12.510Z - success: scene loaded
2018-03-26T02:07:12.511Z - success: sprite-editor loaded
2018-03-26T02:07:12.515Z - success: store loaded
2018-03-26T02:07:12.520Z - success: timeline loaded
2018-03-26T02:07:12.521Z - normal: Loading builtin packages
2018-03-26T02:07:12.533Z - success: asset-db-debugger loaded
2018-03-26T02:07:12.534Z - success: code-editor loaded
2018-03-26T02:07:12.540Z - success: color-picker loaded
2018-03-26T02:07:12.542Z - success: package-manager loaded
2018-03-26T02:07:12.546Z - success: sdkbox loaded
2018-03-26T02:07:12.550Z - success: tester loaded
2018-03-26T02:07:12.551Z - success: ui-kit-preview-extra loaded
2018-03-26T02:07:12.552Z - success: ui-kit-preview loaded
2018-03-26T02:07:12.554Z - success: ui-tree loaded
2018-03-26T02:07:13.864Z - normal: Initializing project D:\myprojects\cocos-creater\TestProject1
2018-03-26T02:07:13.888Z - normal: Loading packages
2018-03-26T02:07:13.892Z - normal: Watching packages
2018-03-26T02:07:13.914Z - normal: Run Application
2018-03-26T02:07:14.904Z - success: preview server running at http://localhost:7456
2018-03-26T02:07:19.519Z - normal: 1.8.2
